<?xml version="1.0" encoding="UTF-8"?>
<!-- Generated by org.testng.reporters.JUnitReportReporter -->
<testsuite hostname="LTIN240665" failures="0" tests="2" name="Testcases.CourseSearch" time="5.529" errors="0" timestamp="2024-02-26T20:24:35 IST" skipped="0">
  <testcase classname="Testcases.CourseSearch" name="checksite" time="0.044"/>
  <system-out/>
  <testcase classname="Testcases.CourseSearch" name="checkCorrectTitle" time="5.485"/>
  <system-out/>
</testsuite> <!-- Testcases.CourseSearch -->
