<?xml version="1.0" encoding="UTF-8"?>
<!-- Generated by org.testng.reporters.JUnitReportReporter -->
<testsuite hostname="LTIN240665" failures="0" tests="1" name="Testcases.LanguageLearning" time="26.123" errors="0" timestamp="2024-03-10T10:28:12 IST" skipped="0">
  <testcase classname="Testcases.LanguageLearning" name="LanguageLearnings" time="26.123"/>
  <system-out/>
</testsuite> <!-- Testcases.LanguageLearning -->
