<?xml version="1.0" encoding="UTF-8"?>
<!-- Generated by org.testng.reporters.JUnitReportReporter -->
<testsuite hostname="LTIN240665" failures="0" tests="4" name="Testcases.CourseSearch" time="27.763" errors="0" timestamp="2024-03-10T10:28:12 IST" skipped="0">
  <testcase classname="Testcases.CourseSearch" name="checksite" time="0.113"/>
  <system-out/>
  <testcase classname="Testcases.CourseSearch" name="checkCorrectTitle" time="3.857"/>
  <system-out/>
  <testcase classname="Testcases.CourseSearch" name="getCourse" time="22.910"/>
  <system-out/>
  <testcase classname="Testcases.CourseSearch" name="getRating" time="0.883"/>
  <system-out/>
</testsuite> <!-- Testcases.CourseSearch -->
