<?xml version="1.0" encoding="UTF-8"?>
<!-- Generated by org.testng.reporters.JUnitReportReporter -->
<testsuite hostname="LTIN240665" failures="0" tests="1" name="Testcases.LanguageLearning" time="11.765" errors="0" timestamp="2024-02-28T14:19:25 IST" skipped="0">
  <testcase classname="Testcases.LanguageLearning" name="LanguageLearnings" time="11.765"/>
</testsuite> <!-- Testcases.LanguageLearning -->
